TN:
SF:src/calculator.js
FN:1,add
FN:5,subtract
FNF:2
FNH:2
FNDA:1,add
FNDA:1,subtract
DA:2,1
DA:6,1
DA:9,1
LF:3
LH:3
BRF:0
BRH:0
end_of_record
TN:
SF:src/fetchData.js
FN:1,fetchData
FN:2,(anonymous_1)
FN:3,(anonymous_2)
FN:7,fetchDataThatFails
FN:8,(anonymous_4)
FN:9,(anonymous_5)
FNF:6
FNH:6
FNDA:1,fetchData
FNDA:1,(anonymous_1)
FNDA:1,(anonymous_2)
FNDA:1,fetchDataThatFails
FNDA:1,(anonymous_4)
FNDA:1,(anonymous_5)
DA:2,1
DA:3,1
DA:8,1
DA:9,1
DA:13,1
LF:5
LH:5
BRF:0
BRH:0
end_of_record
TN:
SF:src/sum.js
FN:1,sum
FNF:1
FNH:1
FNDA:1,sum
DA:2,1
DA:4,1
LF:2
LH:2
BRF:0
BRH:0
end_of_record
TN:
SF:src/userService.js
FN:3,getUser
FNF:1
FNH:1
FNDA:1,getUser
DA:1,1
DA:4,1
DA:5,1
DA:8,1
LF:4
LH:4
BRF:0
BRH:0
end_of_record
